<?xml version="1.0" encoding="UTF-8"?>
<testsuite xmlns:xsi="http://www.w3.org/2001/XMLSchema-instance" xsi:noNamespaceSchemaLocation="https://maven.apache.org/surefire/maven-surefire-plugin/xsd/surefire-test-report.xsd" name="org.hzz.ProducerTest" time="1.632" tests="1" errors="0" skipped="0" failures="0">
  <properties>
    <property name="sun.desktop" value="windows"/>
    <property name="awt.toolkit" value="sun.awt.windows.WToolkit"/>
    <property name="file.encoding.pkg" value="sun.io"/>
    <property name="java.specification.version" value="1.8"/>
    <property name="sun.cpu.isalist" value="amd64"/>
    <property name="sun.jnu.encoding" value="GBK"/>
    <property name="java.class.path" value="D:\图灵学院\Java\spring_boot_producer_basic\target\test-classes;D:\图灵学院\Java\spring_boot_producer_basic\target\classes;D:\Maven_repository\org\springframework\boot\spring-boot-starter-amqp\2.1.4.RELEASE\spring-boot-starter-amqp-2.1.4.RELEASE.jar;D:\Maven_repository\org\springframework\boot\spring-boot-starter\2.1.4.RELEASE\spring-boot-starter-2.1.4.RELEASE.jar;D:\Maven_repository\org\springframework\boot\spring-boot\2.1.4.RELEASE\spring-boot-2.1.4.RELEASE.jar;D:\Maven_repository\org\springframework\boot\spring-boot-autoconfigure\2.1.4.RELEASE\spring-boot-autoconfigure-2.1.4.RELEASE.jar;D:\Maven_repository\org\springframework\boot\spring-boot-starter-logging\2.1.4.RELEASE\spring-boot-starter-logging-2.1.4.RELEASE.jar;D:\Maven_repository\ch\qos\logback\logback-classic\1.2.3\logback-classic-1.2.3.jar;D:\Maven_repository\ch\qos\logback\logback-core\1.2.3\logback-core-1.2.3.jar;D:\Maven_repository\org\apache\logging\log4j\log4j-to-slf4j\2.11.2\log4j-to-slf4j-2.11.2.jar;D:\Maven_repository\org\apache\logging\log4j\log4j-api\2.11.2\log4j-api-2.11.2.jar;D:\Maven_repository\org\slf4j\jul-to-slf4j\1.7.26\jul-to-slf4j-1.7.26.jar;D:\Maven_repository\javax\annotation\javax.annotation-api\1.3.2\javax.annotation-api-1.3.2.jar;D:\Maven_repository\org\yaml\snakeyaml\1.23\snakeyaml-1.23.jar;D:\Maven_repository\org\springframework\spring-messaging\5.1.6.RELEASE\spring-messaging-5.1.6.RELEASE.jar;D:\Maven_repository\org\springframework\spring-beans\5.1.6.RELEASE\spring-beans-5.1.6.RELEASE.jar;D:\Maven_repository\org\springframework\amqp\spring-rabbit\2.1.5.RELEASE\spring-rabbit-2.1.5.RELEASE.jar;D:\Maven_repository\org\springframework\amqp\spring-amqp\2.1.5.RELEASE\spring-amqp-2.1.5.RELEASE.jar;D:\Maven_repository\org\springframework\retry\spring-retry\1.2.4.RELEASE\spring-retry-1.2.4.RELEASE.jar;D:\Maven_repository\com\rabbitmq\amqp-client\5.4.3\amqp-client-5.4.3.jar;D:\Maven_repository\org\springframework\spring-context\5.1.6.RELEASE\spring-context-5.1.6.RELEASE.jar;D:\Maven_repository\org\springframework\spring-aop\5.1.6.RELEASE\spring-aop-5.1.6.RELEASE.jar;D:\Maven_repository\org\springframework\spring-expression\5.1.6.RELEASE\spring-expression-5.1.6.RELEASE.jar;D:\Maven_repository\org\springframework\spring-tx\5.1.6.RELEASE\spring-tx-5.1.6.RELEASE.jar;D:\Maven_repository\org\springframework\boot\spring-boot-starter-test\2.1.4.RELEASE\spring-boot-starter-test-2.1.4.RELEASE.jar;D:\Maven_repository\org\springframework\boot\spring-boot-test\2.1.4.RELEASE\spring-boot-test-2.1.4.RELEASE.jar;D:\Maven_repository\org\springframework\boot\spring-boot-test-autoconfigure\2.1.4.RELEASE\spring-boot-test-autoconfigure-2.1.4.RELEASE.jar;D:\Maven_repository\com\jayway\jsonpath\json-path\2.4.0\json-path-2.4.0.jar;D:\Maven_repository\net\minidev\json-smart\2.3\json-smart-2.3.jar;D:\Maven_repository\net\minidev\accessors-smart\1.2\accessors-smart-1.2.jar;D:\Maven_repository\org\ow2\asm\asm\5.0.4\asm-5.0.4.jar;D:\Maven_repository\org\slf4j\slf4j-api\1.7.26\slf4j-api-1.7.26.jar;D:\Maven_repository\junit\junit\4.12\junit-4.12.jar;D:\Maven_repository\org\assertj\assertj-core\3.11.1\assertj-core-3.11.1.jar;D:\Maven_repository\org\mockito\mockito-core\2.23.4\mockito-core-2.23.4.jar;D:\Maven_repository\net\bytebuddy\byte-buddy\1.9.12\byte-buddy-1.9.12.jar;D:\Maven_repository\net\bytebuddy\byte-buddy-agent\1.9.12\byte-buddy-agent-1.9.12.jar;D:\Maven_repository\org\objenesis\objenesis\2.6\objenesis-2.6.jar;D:\Maven_repository\org\hamcrest\hamcrest-core\1.3\hamcrest-core-1.3.jar;D:\Maven_repository\org\hamcrest\hamcrest-library\1.3\hamcrest-library-1.3.jar;D:\Maven_repository\org\skyscreamer\jsonassert\1.5.0\jsonassert-1.5.0.jar;D:\Maven_repository\com\vaadin\external\google\android-json\0.0.20131108.vaadin1\android-json-0.0.20131108.vaadin1.jar;D:\Maven_repository\org\springframework\spring-core\5.1.6.RELEASE\spring-core-5.1.6.RELEASE.jar;D:\Maven_repository\org\springframework\spring-jcl\5.1.6.RELEASE\spring-jcl-5.1.6.RELEASE.jar;D:\Maven_repository\org\springframework\spring-test\5.1.6.RELEASE\spring-test-5.1.6.RELEASE.jar;D:\Maven_repository\org\xmlunit\xmlunit-core\2.6.2\xmlunit-core-2.6.2.jar;"/>
    <property name="java.vm.vendor" value="Oracle Corporation"/>
    <property name="sun.arch.data.model" value="64"/>
    <property name="user.variant" value=""/>
    <property name="java.vendor.url" value="http://java.oracle.com/"/>
    <property name="user.timezone" value="GMT+08:00"/>
    <property name="java.vm.specification.version" value="1.8"/>
    <property name="os.name" value="Windows 10"/>
    <property name="user.country" value="CN"/>
    <property name="sun.java.launcher" value="SUN_STANDARD"/>
    <property name="sun.boot.library.path" value="S:\DevelopEnv\Java\jdk1.8.0_271\jre\bin"/>
    <property name="sun.java.command" value="C:\Users\11930\AppData\Local\Temp\surefire8271355025064105240\surefirebooter2002627186269713356.jar C:\Users\11930\AppData\Local\Temp\surefire8271355025064105240 2021-04-25T16-54-07_042-jvmRun1 surefire9077149200749032846tmp surefire_07023997060026331845tmp"/>
    <property name="surefire.test.class.path" value="D:\图灵学院\Java\spring_boot_producer_basic\target\test-classes;D:\图灵学院\Java\spring_boot_producer_basic\target\classes;D:\Maven_repository\org\springframework\boot\spring-boot-starter-amqp\2.1.4.RELEASE\spring-boot-starter-amqp-2.1.4.RELEASE.jar;D:\Maven_repository\org\springframework\boot\spring-boot-starter\2.1.4.RELEASE\spring-boot-starter-2.1.4.RELEASE.jar;D:\Maven_repository\org\springframework\boot\spring-boot\2.1.4.RELEASE\spring-boot-2.1.4.RELEASE.jar;D:\Maven_repository\org\springframework\boot\spring-boot-autoconfigure\2.1.4.RELEASE\spring-boot-autoconfigure-2.1.4.RELEASE.jar;D:\Maven_repository\org\springframework\boot\spring-boot-starter-logging\2.1.4.RELEASE\spring-boot-starter-logging-2.1.4.RELEASE.jar;D:\Maven_repository\ch\qos\logback\logback-classic\1.2.3\logback-classic-1.2.3.jar;D:\Maven_repository\ch\qos\logback\logback-core\1.2.3\logback-core-1.2.3.jar;D:\Maven_repository\org\apache\logging\log4j\log4j-to-slf4j\2.11.2\log4j-to-slf4j-2.11.2.jar;D:\Maven_repository\org\apache\logging\log4j\log4j-api\2.11.2\log4j-api-2.11.2.jar;D:\Maven_repository\org\slf4j\jul-to-slf4j\1.7.26\jul-to-slf4j-1.7.26.jar;D:\Maven_repository\javax\annotation\javax.annotation-api\1.3.2\javax.annotation-api-1.3.2.jar;D:\Maven_repository\org\yaml\snakeyaml\1.23\snakeyaml-1.23.jar;D:\Maven_repository\org\springframework\spring-messaging\5.1.6.RELEASE\spring-messaging-5.1.6.RELEASE.jar;D:\Maven_repository\org\springframework\spring-beans\5.1.6.RELEASE\spring-beans-5.1.6.RELEASE.jar;D:\Maven_repository\org\springframework\amqp\spring-rabbit\2.1.5.RELEASE\spring-rabbit-2.1.5.RELEASE.jar;D:\Maven_repository\org\springframework\amqp\spring-amqp\2.1.5.RELEASE\spring-amqp-2.1.5.RELEASE.jar;D:\Maven_repository\org\springframework\retry\spring-retry\1.2.4.RELEASE\spring-retry-1.2.4.RELEASE.jar;D:\Maven_repository\com\rabbitmq\amqp-client\5.4.3\amqp-client-5.4.3.jar;D:\Maven_repository\org\springframework\spring-context\5.1.6.RELEASE\spring-context-5.1.6.RELEASE.jar;D:\Maven_repository\org\springframework\spring-aop\5.1.6.RELEASE\spring-aop-5.1.6.RELEASE.jar;D:\Maven_repository\org\springframework\spring-expression\5.1.6.RELEASE\spring-expression-5.1.6.RELEASE.jar;D:\Maven_repository\org\springframework\spring-tx\5.1.6.RELEASE\spring-tx-5.1.6.RELEASE.jar;D:\Maven_repository\org\springframework\boot\spring-boot-starter-test\2.1.4.RELEASE\spring-boot-starter-test-2.1.4.RELEASE.jar;D:\Maven_repository\org\springframework\boot\spring-boot-test\2.1.4.RELEASE\spring-boot-test-2.1.4.RELEASE.jar;D:\Maven_repository\org\springframework\boot\spring-boot-test-autoconfigure\2.1.4.RELEASE\spring-boot-test-autoconfigure-2.1.4.RELEASE.jar;D:\Maven_repository\com\jayway\jsonpath\json-path\2.4.0\json-path-2.4.0.jar;D:\Maven_repository\net\minidev\json-smart\2.3\json-smart-2.3.jar;D:\Maven_repository\net\minidev\accessors-smart\1.2\accessors-smart-1.2.jar;D:\Maven_repository\org\ow2\asm\asm\5.0.4\asm-5.0.4.jar;D:\Maven_repository\org\slf4j\slf4j-api\1.7.26\slf4j-api-1.7.26.jar;D:\Maven_repository\junit\junit\4.12\junit-4.12.jar;D:\Maven_repository\org\assertj\assertj-core\3.11.1\assertj-core-3.11.1.jar;D:\Maven_repository\org\mockito\mockito-core\2.23.4\mockito-core-2.23.4.jar;D:\Maven_repository\net\bytebuddy\byte-buddy\1.9.12\byte-buddy-1.9.12.jar;D:\Maven_repository\net\bytebuddy\byte-buddy-agent\1.9.12\byte-buddy-agent-1.9.12.jar;D:\Maven_repository\org\objenesis\objenesis\2.6\objenesis-2.6.jar;D:\Maven_repository\org\hamcrest\hamcrest-core\1.3\hamcrest-core-1.3.jar;D:\Maven_repository\org\hamcrest\hamcrest-library\1.3\hamcrest-library-1.3.jar;D:\Maven_repository\org\skyscreamer\jsonassert\1.5.0\jsonassert-1.5.0.jar;D:\Maven_repository\com\vaadin\external\google\android-json\0.0.20131108.vaadin1\android-json-0.0.20131108.vaadin1.jar;D:\Maven_repository\org\springframework\spring-core\5.1.6.RELEASE\spring-core-5.1.6.RELEASE.jar;D:\Maven_repository\org\springframework\spring-jcl\5.1.6.RELEASE\spring-jcl-5.1.6.RELEASE.jar;D:\Maven_repository\org\springframework\spring-test\5.1.6.RELEASE\spring-test-5.1.6.RELEASE.jar;D:\Maven_repository\org\xmlunit\xmlunit-core\2.6.2\xmlunit-core-2.6.2.jar;"/>
    <property name="sun.cpu.endian" value="little"/>
    <property name="user.home" value="C:\Users\11930"/>
    <property name="user.language" value="zh"/>
    <property name="java.specification.vendor" value="Oracle Corporation"/>
    <property name="java.home" value="S:\DevelopEnv\Java\jdk1.8.0_271\jre"/>
    <property name="basedir" value="D:\图灵学院\Java\spring_boot_producer_basic"/>
    <property name="file.separator" value="\"/>
    <property name="line.separator" value="&#10;"/>
    <property name="java.vm.specification.vendor" value="Oracle Corporation"/>
    <property name="java.specification.name" value="Java Platform API Specification"/>
    <property name="java.awt.graphicsenv" value="sun.awt.Win32GraphicsEnvironment"/>
    <property name="surefire.real.class.path" value="C:\Users\11930\AppData\Local\Temp\surefire8271355025064105240\surefirebooter2002627186269713356.jar"/>
    <property name="sun.boot.class.path" value="S:\DevelopEnv\Java\jdk1.8.0_271\jre\lib\resources.jar;S:\DevelopEnv\Java\jdk1.8.0_271\jre\lib\rt.jar;S:\DevelopEnv\Java\jdk1.8.0_271\jre\lib\sunrsasign.jar;S:\DevelopEnv\Java\jdk1.8.0_271\jre\lib\jsse.jar;S:\DevelopEnv\Java\jdk1.8.0_271\jre\lib\jce.jar;S:\DevelopEnv\Java\jdk1.8.0_271\jre\lib\charsets.jar;S:\DevelopEnv\Java\jdk1.8.0_271\jre\lib\jfr.jar;S:\DevelopEnv\Java\jdk1.8.0_271\jre\classes"/>
    <property name="user.script" value=""/>
    <property name="sun.management.compiler" value="HotSpot 64-Bit Tiered Compilers"/>
    <property name="java.runtime.version" value="1.8.0_271-b09"/>
    <property name="user.name" value="11930"/>
    <property name="path.separator" value=";"/>
    <property name="os.version" value="10.0"/>
    <property name="java.endorsed.dirs" value="S:\DevelopEnv\Java\jdk1.8.0_271\jre\lib\endorsed"/>
    <property name="java.runtime.name" value="Java(TM) SE Runtime Environment"/>
    <property name="file.encoding" value="GBK"/>
    <property name="java.vm.name" value="Java HotSpot(TM) 64-Bit Server VM"/>
    <property name="localRepository" value="D:\Maven_repository"/>
    <property name="java.vendor.url.bug" value="http://bugreport.sun.com/bugreport/"/>
    <property name="java.io.tmpdir" value="C:\Users\11930\AppData\Local\Temp\"/>
    <property name="idea.version" value="2020.3.2"/>
    <property name="java.version" value="1.8.0_271"/>
    <property name="user.dir" value="D:\图灵学院\Java\spring_boot_producer_basic"/>
    <property name="os.arch" value="amd64"/>
    <property name="java.vm.specification.name" value="Java Virtual Machine Specification"/>
    <property name="java.awt.printerjob" value="sun.awt.windows.WPrinterJob"/>
    <property name="sun.os.patch.level" value=""/>
    <property name="java.library.path" value="S:\DevelopEnv\Java\jdk1.8.0_271\jre\bin;C:\Windows\Sun\Java\bin;C:\Windows\system32;C:\Windows;S:\Linux\XShell\;C:\windows\system32;C:\windows;C:\windows\System32\Wbem;C:\windows\System32\WindowsPowerShell\v1.0\;C:\windows\System32\OpenSSH\;C:\Program Files (x86)\NVIDIA Corporation\PhysX\Common;C:\Program Files\Intel\WiFi\bin\;C:\Program Files\Common Files\Intel\WirelessCommon\;C:\Windows\system32;C:\Windows;C:\Windows\System32\Wbem;C:\Windows\System32\WindowsPowerShell\v1.0\;C:\Windows\System32\OpenSSH\;S:\DevelopEnv\nodejs\;C:\Program Files\Git\cmd;S:\DevelopEnv\Yarn\bin\;S:\DevelopEnv\Mysql\MySQL Server 5.5\bin;S:\DevelopEnv\Java\jdk1.8.0_271\bin;S:\DevelopEnv\Maven\apache-maven-3.6.3\bin;S:\Linux\SecureCRT\;C:\Users\11930\AppData\Local\Microsoft\WindowsApps;S:\Editor\Microsoft VS Code\bin;C:\Users\11930\AppData\Roaming\npm;C:\Users\11930\AppData\Local\GitHubDesktop\bin;C:\Users\11930\AppData\Local\Yarn\bin;S:\DevelopEnv\heroku\bin;."/>
    <property name="java.vm.info" value="mixed mode"/>
    <property name="java.vendor" value="Oracle Corporation"/>
    <property name="java.vm.version" value="25.271-b09"/>
    <property name="java.ext.dirs" value="S:\DevelopEnv\Java\jdk1.8.0_271\jre\lib\ext;C:\Windows\Sun\Java\lib\ext"/>
    <property name="sun.io.unicode.encoding" value="UnicodeLittle"/>
    <property name="maven.repo.local" value="D:\Maven_repository"/>
    <property name="java.class.version" value="52.0"/>
  </properties>
  <testcase name="topic" classname="org.hzz.ProducerTest" time="0.236"/>
</testsuite>